<?xml version="1.0" encoding="UTF-8"?>
<!-- Generated by org.testng.reporters.JUnitReportReporter -->
<testsuite hostname="rss-pc" failures="0" tests="6" name="api.test.DDtest" time="11.520" errors="0" timestamp="2023-10-17T19:00:33 IST" skipped="0">
  <testcase classname="api.test.DDtest" name="testPostuser" time="1.600"/>
  <system-out/>
  <testcase classname="api.test.DDtest" name="testPostuser" time="3.452"/>
  <system-out/>
  <testcase classname="api.test.DDtest" name="testPostuser" time="1.569"/>
  <system-out/>
  <testcase classname="api.test.DDtest" name="testDeleteuser" time="1.599"/>
  <system-out/>
  <testcase classname="api.test.DDtest" name="testDeleteuser" time="1.598"/>
  <system-out/>
  <testcase classname="api.test.DDtest" name="testDeleteuser" time="1.702"/>
  <system-out/>
</testsuite> <!-- api.test.DDtest -->
