<?xml version="1.0" encoding="UTF-8"?>
<!-- Generated by org.testng.reporters.JUnitReportReporter -->
<testsuite hostname="rss-pc" failures="0" tests="4" name="api.test.UserTest" time="11.177" errors="0" timestamp="2023-10-18T00:10:26 IST" skipped="0">
  <testcase classname="api.test.UserTest" name="testPostUser" time="3.151"/>
  <system-out/>
  <testcase classname="api.test.UserTest" name="testGettUser" time="1.755"/>
  <system-out/>
  <testcase classname="api.test.UserTest" name="testUpdatetUser" time="2.904"/>
  <system-out/>
  <testcase classname="api.test.UserTest" name="testDeletetUser" time="3.367"/>
  <system-out/>
</testsuite> <!-- api.test.UserTest -->
