<?xml version="1.0" encoding="UTF-8"?>
<!-- Generated by org.testng.reporters.JUnitReportReporter -->
<testsuite hostname="rss-pc" failures="0" tests="4" name="api.test.UserTest" time="8.894" errors="0" timestamp="2023-10-17T23:59:30 IST" skipped="0">
  <testcase classname="api.test.UserTest" name="testPostUser" time="3.714"/>
  <system-out/>
  <testcase classname="api.test.UserTest" name="testGettUser" time="1.768"/>
  <system-out/>
  <testcase classname="api.test.UserTest" name="testUpdatetUser" time="1.570"/>
  <system-out/>
  <testcase classname="api.test.UserTest" name="testDeletetUser" time="1.842"/>
  <system-out/>
</testsuite> <!-- api.test.UserTest -->
