<?xml version="1.0" encoding="UTF-8"?>
<!-- Generated by org.testng.reporters.JUnitReportReporter -->
<testsuite hostname="rss-pc" failures="0" tests="4" name="api.test.UserTest" time="10.528" errors="0" timestamp="2023-10-18T09:24:26 IST" skipped="0">
  <testcase classname="api.test.UserTest" name="testPostUser" time="5.592"/>
  <system-out/>
  <testcase classname="api.test.UserTest" name="testGettUser" time="1.564"/>
  <system-out/>
  <testcase classname="api.test.UserTest" name="testUpdatetUser" time="1.632"/>
  <system-out/>
  <testcase classname="api.test.UserTest" name="testDeletetUser" time="1.740"/>
  <system-out/>
</testsuite> <!-- api.test.UserTest -->
